[0m15:43:43.336897 [debug] [MainThread]: Sending event: {'category': 'dbt', 'action': 'invocation', 'label': 'start', 'context': [<snowplow_tracker.self_describing_json.SelfDescribingJson object at 0x00000228408DD6A0>, <snowplow_tracker.self_describing_json.SelfDescribingJson object at 0x000002283F380A50>, <snowplow_tracker.self_describing_json.SelfDescribingJson object at 0x00000228413D6FD0>]}


============================== 15:43:43.363341 | ab9e3cdd-7269-431f-b0c5-ef5e8cbd16ef ==============================
[0m15:43:43.363341 [info ] [MainThread]: Running with dbt=1.11.2
[0m15:43:43.363905 [debug] [MainThread]: running dbt with arguments {'static_parser': 'True', 'no_print': 'None', 'version_check': 'True', 'warn_error_options': 'WarnErrorOptionsV2(error=[], warn=[], silence=[])', 'target_path': 'None', 'printer_width': '80', 'write_json': 'True', 'empty': 'None', 'log_cache_events': 'False', 'introspect': 'True', 'cache_selected_only': 'False', 'log_format': 'default', 'debug': 'False', 'fail_fast': 'False', 'profiles_dir': 'C:\\Users\\satos\\.dbt', 'send_anonymous_usage_stats': 'True', 'quiet': 'False', 'warn_error': 'None', 'partial_parse': 'True', 'invocation_command': 'dbt init', 'use_colors': 'True', 'indirect_selection': 'eager', 'use_experimental_parser': 'False', 'log_path': 'logs'}
[0m15:43:43.514120 [info ] [MainThread]: Creating dbt configuration folder at C:\Users\satos\.dbt
[0m15:44:03.505561 [info ] [MainThread]: A project called warehousetest already exists here.
[0m15:44:03.506352 [debug] [MainThread]: Command `dbt init` succeeded at 15:44:03.506252 after 20.39 seconds
[0m15:44:03.506613 [debug] [MainThread]: Sending event: {'category': 'dbt', 'action': 'invocation', 'label': 'end', 'context': [<snowplow_tracker.self_describing_json.SelfDescribingJson object at 0x0000022842B6AFD0>, <snowplow_tracker.self_describing_json.SelfDescribingJson object at 0x0000022842BE6450>, <snowplow_tracker.self_describing_json.SelfDescribingJson object at 0x0000022842BC85A0>]}
[0m15:44:03.506866 [debug] [MainThread]: Flushing usage events
[0m15:44:04.525613 [debug] [MainThread]: An error was encountered while trying to flush usage events
[0m15:45:51.386067 [debug] [MainThread]: Sending event: {'category': 'dbt', 'action': 'invocation', 'label': 'start', 'context': [<snowplow_tracker.self_describing_json.SelfDescribingJson object at 0x00000207F3B41400>, <snowplow_tracker.self_describing_json.SelfDescribingJson object at 0x00000207F4CC7ED0>, <snowplow_tracker.self_describing_json.SelfDescribingJson object at 0x00000207F4CC7B10>]}


============================== 15:45:51.389140 | c06806ee-9f3b-419c-9bd3-cd72c15f5df1 ==============================
[0m15:45:51.389140 [info ] [MainThread]: Running with dbt=1.11.2
[0m15:45:51.389654 [debug] [MainThread]: running dbt with arguments {'version_check': 'True', 'no_print': 'None', 'static_parser': 'True', 'warn_error_options': 'WarnErrorOptionsV2(error=[], warn=[], silence=[])', 'target_path': 'None', 'printer_width': '80', 'write_json': 'True', 'empty': 'None', 'log_cache_events': 'False', 'introspect': 'True', 'cache_selected_only': 'False', 'log_format': 'default', 'debug': 'False', 'fail_fast': 'False', 'partial_parse': 'True', 'send_anonymous_usage_stats': 'True', 'quiet': 'False', 'warn_error': 'None', 'profiles_dir': 'C:\\Users\\satos\\.dbt', 'use_colors': 'True', 'indirect_selection': 'eager', 'invocation_command': 'dbt init', 'use_experimental_parser': 'False', 'log_path': 'logs'}
[0m15:46:00.213159 [debug] [MainThread]: Starter project path: D:\VirtualEnvironment\warehouseTest\.venv\Lib\site-packages\dbt\include\starter_project
[0m15:46:00.245647 [info ] [MainThread]: 
Your new dbt project "dbt_wh" was created!

For more information on how to configure the profiles.yml file,
please consult the dbt documentation here:

  https://docs.getdbt.com/docs/configure-your-profile

One more thing:

Need help? Don't hesitate to reach out to us via GitHub issues or on Slack:

  https://community.getdbt.com/

Happy modeling!

[0m15:46:00.246100 [info ] [MainThread]: Setting up your profile.
[0m15:46:04.282653 [debug] [MainThread]: Spark adapter: Setting pyhive.hive logging to ERROR
[0m15:46:04.282968 [debug] [MainThread]: Spark adapter: Setting thrift.transport logging to ERROR
[0m15:46:04.283158 [debug] [MainThread]: Spark adapter: Setting thrift.protocol logging to ERROR
[0m15:51:31.848561 [info ] [MainThread]: Profile dbt_wh written to C:\Users\satos\.dbt\profiles.yml using target's profile_template.yml and your supplied values. Run 'dbt debug' to validate the connection.
[0m15:51:31.849792 [debug] [MainThread]: Command `dbt init` succeeded at 15:51:31.849683 after 340.66 seconds
[0m15:51:31.850100 [debug] [MainThread]: Sending event: {'category': 'dbt', 'action': 'invocation', 'label': 'end', 'context': [<snowplow_tracker.self_describing_json.SelfDescribingJson object at 0x00000207F5D34510>, <snowplow_tracker.self_describing_json.SelfDescribingJson object at 0x00000207F5D2F410>, <snowplow_tracker.self_describing_json.SelfDescribingJson object at 0x00000207F762D260>]}
[0m15:51:31.850392 [debug] [MainThread]: Flushing usage events
[0m15:51:32.606183 [debug] [MainThread]: An error was encountered while trying to flush usage events
[0m15:51:49.026374 [debug] [MainThread]: Sending event: {'category': 'dbt', 'action': 'invocation', 'label': 'start', 'context': [<snowplow_tracker.self_describing_json.SelfDescribingJson object at 0x0000015C2C211400>, <snowplow_tracker.self_describing_json.SelfDescribingJson object at 0x0000015C2D397ED0>, <snowplow_tracker.self_describing_json.SelfDescribingJson object at 0x0000015C2D397B10>]}


============================== 15:51:49.029414 | e8daf5b2-9286-40b1-a5b5-07ebd58eee24 ==============================
[0m15:51:49.029414 [info ] [MainThread]: Running with dbt=1.11.2
[0m15:51:49.030128 [debug] [MainThread]: running dbt with arguments {'static_parser': 'True', 'no_print': 'None', 'version_check': 'True', 'warn_error_options': 'WarnErrorOptionsV2(error=[], warn=[], silence=[])', 'target_path': 'None', 'printer_width': '80', 'write_json': 'True', 'empty': 'None', 'log_cache_events': 'False', 'introspect': 'True', 'cache_selected_only': 'False', 'log_format': 'default', 'debug': 'False', 'fail_fast': 'False', 'partial_parse': 'True', 'send_anonymous_usage_stats': 'True', 'quiet': 'False', 'warn_error': 'None', 'profiles_dir': 'C:\\Users\\satos\\.dbt', 'use_colors': 'True', 'invocation_command': 'dbt debug', 'indirect_selection': 'eager', 'use_experimental_parser': 'False', 'log_path': 'logs'}
[0m15:51:49.055560 [info ] [MainThread]: dbt version: 1.11.2
[0m15:51:49.056069 [info ] [MainThread]: python version: 3.13.1
[0m15:51:49.056342 [info ] [MainThread]: python path: D:\VirtualEnvironment\warehouseTest\.venv\Scripts\python.exe
[0m15:51:49.056702 [info ] [MainThread]: os info: Windows-11-10.0.26200-SP0
[0m15:51:49.687375 [debug] [MainThread]: Spark adapter: Setting pyhive.hive logging to ERROR
[0m15:51:49.687771 [debug] [MainThread]: Spark adapter: Setting thrift.transport logging to ERROR
[0m15:51:49.688012 [debug] [MainThread]: Spark adapter: Setting thrift.protocol logging to ERROR
[0m15:51:50.130517 [info ] [MainThread]: Using profiles dir at C:\Users\satos\.dbt
[0m15:51:50.131012 [info ] [MainThread]: Using profiles.yml file at C:\Users\satos\.dbt\profiles.yml
[0m15:51:50.131415 [info ] [MainThread]: Using dbt_project.yml file at D:\VirtualEnvironment\warehouseTest\dbt_project.yml
[0m15:51:50.131725 [info ] [MainThread]: adapter type: databricks
[0m15:51:50.132001 [info ] [MainThread]: adapter version: 1.11.4
[0m15:51:50.132289 [info ] [MainThread]: Configuration:
[0m15:51:50.132587 [info ] [MainThread]:   profiles.yml file [[32mOK found and valid[0m]
[0m15:51:50.132972 [info ] [MainThread]:   dbt_project.yml file [[31mERROR not found[0m]
[0m15:51:50.133329 [info ] [MainThread]: Required dependencies:
[0m15:51:50.133596 [debug] [MainThread]: Executing "git --help"
[0m15:51:50.189753 [debug] [MainThread]: STDOUT: "b"usage: git [-v | --version] [-h | --help] [-C <path>] [-c <name>=<value>]\n           [--exec-path[=<path>]] [--html-path] [--man-path] [--info-path]\n           [-p | --paginate | -P | --no-pager] [--no-replace-objects] [--bare]\n           [--git-dir=<path>] [--work-tree=<path>] [--namespace=<name>]\n           [--config-env=<name>=<envvar>] <command> [<args>]\n\nThese are common Git commands used in various situations:\n\nstart a working area (see also: git help tutorial)\n   clone     Clone a repository into a new directory\n   init      Create an empty Git repository or reinitialize an existing one\n\nwork on the current change (see also: git help everyday)\n   add       Add file contents to the index\n   mv        Move or rename a file, a directory, or a symlink\n   restore   Restore working tree files\n   rm        Remove files from the working tree and from the index\n\nexamine the history and state (see also: git help revisions)\n   bisect    Use binary search to find the commit that introduced a bug\n   diff      Show changes between commits, commit and working tree, etc\n   grep      Print lines matching a pattern\n   log       Show commit logs\n   show      Show various types of objects\n   status    Show the working tree status\n\ngrow, mark and tweak your common history\n   branch    List, create, or delete branches\n   commit    Record changes to the repository\n   merge     Join two or more development histories together\n   rebase    Reapply commits on top of another base tip\n   reset     Reset current HEAD to the specified state\n   switch    Switch branches\n   tag       Create, list, delete or verify a tag object signed with GPG\n\ncollaborate (see also: git help workflows)\n   fetch     Download objects and refs from another repository\n   pull      Fetch from and integrate with another repository or a local branch\n   push      Update remote refs along with associated objects\n\n'git help -a' and 'git help -g' list available subcommands and some\nconcept guides. See 'git help <command>' or 'git help <concept>'\nto read about a specific subcommand or concept.\nSee 'git help git' for an overview of the system.\n""
[0m15:51:50.190261 [debug] [MainThread]: STDERR: "b''"
[0m15:51:50.190625 [info ] [MainThread]:  - git [[32mOK found[0m]

[0m15:51:50.191059 [info ] [MainThread]: Connection:
[0m15:51:50.191468 [info ] [MainThread]:   host: dbc-d5000bcf-ddcb.cloud.databricks.com
[0m15:51:50.191769 [info ] [MainThread]:   http_path: /sql/1.0/warehouses/0172191df3231006
[0m15:51:50.192236 [info ] [MainThread]:   catalog: dbt_training
[0m15:51:50.192529 [info ] [MainThread]:   schema: default
[0m15:51:50.192889 [info ] [MainThread]: Registered adapter: databricks=1.11.4
[0m15:51:50.526532 [warn ] [MainThread]: [[33mWARNING[0m]: Use managed Iceberg tables when table_format is iceberg. When this flag is disabled, UniForm is used instead.
You may opt into the new behavior sooner by setting `flags.use_managed_iceberg` to `True` in `dbt_project.yml`.
Visit https://docs.getdbt.com/reference/global-configs/behavior-changes for more information.
[0m15:51:50.527143 [debug] [MainThread]: Sending event: {'category': 'dbt', 'action': 'BehaviorChangeEvent', 'label': 'e8daf5b2-9286-40b1-a5b5-07ebd58eee24', 'context': [<snowplow_tracker.self_describing_json.SelfDescribingJson object at 0x0000015C5ACB6C40>]}
[0m15:51:50.527556 [debug] [MainThread]: Databricks adapter: DatabricksDBTConnection(session-id=None, name=debug) - Creating connection
[0m15:51:50.527763 [debug] [MainThread]: Acquiring new databricks connection 'debug'
[0m15:51:50.527945 [debug] [MainThread]: Using databricks connection "debug"
[0m15:51:50.528128 [debug] [MainThread]: On debug: select 1 as id
[0m15:51:50.528290 [debug] [MainThread]: Opening a new connection, currently in state init
[0m15:51:51.430681 [debug] [MainThread]: Databricks adapter: Connection(session-id=01f0f47d-38db-155e-8446-0d2ba2b8903e) - Created
[0m15:52:11.164831 [debug] [MainThread]: SQL status: OK in 20.640 seconds
[0m15:52:11.165489 [debug] [MainThread]: Databricks adapter: Cursor(session-id=01f0f47d-38db-155e-8446-0d2ba2b8903e, command-id=01f0f47d-390a-13a9-9202-195cdf31130a) - Closing
[0m15:52:11.483835 [debug] [MainThread]: On debug: Close
[0m15:52:11.484153 [debug] [MainThread]: Databricks adapter: Connection(session-id=01f0f47d-38db-155e-8446-0d2ba2b8903e) - Closing
[0m15:52:11.665796 [info ] [MainThread]:   Connection test: [[32mOK connection ok[0m]

[0m15:52:11.666330 [info ] [MainThread]: [31m1 check failed:[0m
[0m15:52:11.666644 [info ] [MainThread]: Project loading failed for the following reason:
 project path <D:\VirtualEnvironment\warehouseTest\dbt_project.yml> not found

[0m15:52:11.667297 [debug] [MainThread]: Command `dbt debug` failed at 15:52:11.667216 after 22.84 seconds
[0m15:52:11.667581 [debug] [MainThread]: Sending event: {'category': 'dbt', 'action': 'invocation', 'label': 'end', 'context': [<snowplow_tracker.self_describing_json.SelfDescribingJson object at 0x0000015C2FD55480>, <snowplow_tracker.self_describing_json.SelfDescribingJson object at 0x0000015C5ACEE580>, <snowplow_tracker.self_describing_json.SelfDescribingJson object at 0x0000015C5AC94A50>]}
[0m15:52:11.667822 [debug] [MainThread]: Flushing usage events
[0m15:52:12.422846 [debug] [MainThread]: An error was encountered while trying to flush usage events
[0m20:17:17.886297 [debug] [MainThread]: Sending event: {'category': 'dbt', 'action': 'invocation', 'label': 'start', 'context': [<snowplow_tracker.self_describing_json.SelfDescribingJson object at 0x000001CEFE741400>, <snowplow_tracker.self_describing_json.SelfDescribingJson object at 0x000001CEFF8CBED0>, <snowplow_tracker.self_describing_json.SelfDescribingJson object at 0x000001CEFF8CBB10>]}


============================== 20:17:17.889377 | e35d1393-7622-4c7b-b4fc-3939d1a6d1b0 ==============================
[0m20:17:17.889377 [info ] [MainThread]: Running with dbt=1.11.2
[0m20:17:17.889957 [debug] [MainThread]: running dbt with arguments {'static_parser': 'True', 'no_print': 'None', 'version_check': 'True', 'warn_error_options': 'WarnErrorOptionsV2(error=[], warn=[], silence=[])', 'target_path': 'None', 'printer_width': '80', 'write_json': 'True', 'empty': 'False', 'log_cache_events': 'False', 'introspect': 'True', 'cache_selected_only': 'False', 'fail_fast': 'False', 'debug': 'False', 'log_format': 'default', 'profiles_dir': 'C:\\Users\\satos\\.dbt', 'send_anonymous_usage_stats': 'True', 'quiet': 'False', 'warn_error': 'None', 'partial_parse': 'True', 'indirect_selection': 'eager', 'invocation_command': 'dbt run', 'use_colors': 'True', 'use_experimental_parser': 'False', 'log_path': 'logs'}
[0m20:17:17.890385 [error] [MainThread]: Encountered an error:
Runtime Error
  No dbt_project.yml found at expected path D:\VirtualEnvironment\warehouseTest\dbt_project.yml
  Verify that each entry within packages.yml (and their transitive dependencies) contains a file named dbt_project.yml
  
[0m20:17:17.891110 [debug] [MainThread]: Command `dbt run` failed at 20:17:17.891017 after 0.21 seconds
[0m20:17:17.891703 [debug] [MainThread]: Sending event: {'category': 'dbt', 'action': 'invocation', 'label': 'end', 'context': [<snowplow_tracker.self_describing_json.SelfDescribingJson object at 0x000001CEFF79F360>, <snowplow_tracker.self_describing_json.SelfDescribingJson object at 0x000001CEFF7A2E70>, <snowplow_tracker.self_describing_json.SelfDescribingJson object at 0x000001CEFF938160>]}
[0m20:17:17.892007 [debug] [MainThread]: Flushing usage events
[0m20:17:18.673610 [debug] [MainThread]: An error was encountered while trying to flush usage events
